Unity Editor version:    2022.3.21f1 (bf09ca542b87)
Branch:                  2022.3/staging
Build type:              Release
Batch mode:              YES
macOS version:           Version 14.1.2 (Build 23B92)
Darwin version:          23.1.0
Architecture:            arm64
Running under Rosetta:   NO
Available memory:        16384 MB
Using pre-set license
Pro License: YES

COMMAND LINE ARGUMENTS:
/Applications/Unity/Hub/Editor/2022.3.21f1/Unity.app/Contents/MacOS/Unity
-adb2
-batchMode
-noUpm
-name
AssetImportWorker4
-projectPath
/Users/sanaomer/Documents/GitHub/Meet2Play
-logFile
Logs/AssetImportWorker4.log
-srvPort
51059
Successfully changed project path to: /Users/sanaomer/Documents/GitHub/Meet2Play
/Users/sanaomer/Documents/GitHub/Meet2Play
[UnityMemory] Configuration Parameters - Can be set up in boot.config
    "memorysetup-bucket-allocator-granularity=16"
    "memorysetup-bucket-allocator-bucket-count=8"
    "memorysetup-bucket-allocator-block-size=33554432"
    "memorysetup-bucket-allocator-block-count=8"
    "memorysetup-main-allocator-block-size=16777216"
    "memorysetup-thread-allocator-block-size=16777216"
    "memorysetup-gfx-main-allocator-block-size=16777216"
    "memorysetup-gfx-thread-allocator-block-size=16777216"
    "memorysetup-cache-allocator-block-size=4194304"
    "memorysetup-typetree-allocator-block-size=2097152"
    "memorysetup-profiler-bucket-allocator-granularity=16"
    "memorysetup-profiler-bucket-allocator-bucket-count=8"
    "memorysetup-profiler-bucket-allocator-block-size=33554432"
    "memorysetup-profiler-bucket-allocator-block-count=8"
    "memorysetup-profiler-allocator-block-size=16777216"
    "memorysetup-profiler-editor-allocator-block-size=1048576"
    "memorysetup-temp-allocator-size-main=16777216"
    "memorysetup-job-temp-allocator-block-size=2097152"
    "memorysetup-job-temp-allocator-block-size-background=1048576"
    "memorysetup-job-temp-allocator-reduction-small-platforms=262144"
    "memorysetup-allocator-temp-initial-block-size-main=262144"
    "memorysetup-allocator-temp-initial-block-size-worker=262144"
    "memorysetup-temp-allocator-size-background-worker=32768"
    "memorysetup-temp-allocator-size-job-worker=262144"
    "memorysetup-temp-allocator-size-preload-manager=33554432"
    "memorysetup-temp-allocator-size-nav-mesh-worker=65536"
    "memorysetup-temp-allocator-size-audio-worker=65536"
    "memorysetup-temp-allocator-size-cloud-worker=32768"
    "memorysetup-temp-allocator-size-gi-baking-worker=262144"
    "memorysetup-temp-allocator-size-gfx=262144"
Player connection [8154062528] Host "[IP] 192.168.10.38 [Port] 0 [Flags] 2 [Guid] 3025377820 [EditorId] 3025377820 [Version] 1048832 [Id] OSXEditor(0,Sanas-MacBook-Pro.local) [Debug] 1 [PackageName] OSXEditor [ProjectName] Editor" joined multi-casting on [225.0.0.222:54997]...

Player connection [8154062528] Host "[IP] 192.168.10.38 [Port] 0 [Flags] 2 [Guid] 3025377820 [EditorId] 3025377820 [Version] 1048832 [Id] OSXEditor(0,Sanas-MacBook-Pro.local) [Debug] 1 [PackageName] OSXEditor [ProjectName] Editor" joined alternative multi-casting on [225.0.0.222:34997]...

[Physics::Module] Initialized MultithreadedJobDispatcher with 7 workers.
Refreshing native plugins compatible for Editor in 68.96 ms, found 6 plugins.
Preloading 0 native plugins for Editor in 0.00 ms.
Initialize engine version: 2022.3.21f1 (bf09ca542b87)
[Subsystems] Discovering subsystems at path /Applications/Unity/Hub/Editor/2022.3.21f1/Unity.app/Contents/Resources/UnitySubsystems
[Subsystems] Discovering subsystems at path /Users/sanaomer/Documents/GitHub/Meet2Play/Assets
GfxDevice: creating device client; threaded=0; jobified=0
 preferred device: Apple M1 Pro (high power)
Metal devices available: 1
0: Apple M1 Pro (high power)
Using device Apple M1 Pro (high power)
Initializing Metal device caps: Apple M1 Pro
Initialize mono
Mono path[0] = '/Applications/Unity/Hub/Editor/2022.3.21f1/Unity.app/Contents/Managed'
Mono path[1] = '/Applications/Unity/Hub/Editor/2022.3.21f1/Unity.app/Contents/MonoBleedingEdge/lib/mono/unityjit-macos'
Mono config path = '/Applications/Unity/Hub/Editor/2022.3.21f1/Unity.app/Contents/MonoBleedingEdge/etc'
Using monoOptions --debugger-agent=transport=dt_socket,embedding=1,server=y,suspend=n,address=127.0.0.1:56444
Begin MonoManager ReloadAssembly
Registering precompiled unity dll's ...
Register platform support module: /Applications/Unity/Hub/Editor/2022.3.21f1/Unity.app/Contents/PlaybackEngines/MacStandaloneSupport/UnityEditor.OSXStandalone.Extensions.dll
Register platform support module: /Applications/Unity/Hub/Editor/2022.3.21f1/PlaybackEngines/AndroidPlayer/UnityEditor.Android.Extensions.dll
Register platform support module: /Applications/Unity/Hub/Editor/2022.3.21f1/PlaybackEngines/iOSSupport/UnityEditor.iOS.Extensions.dll
Registered in 0.003628 seconds.
- Loaded All Assemblies, in  0.291 seconds
[usbmuxd] Start listen thread
[usbmuxd] Listen thread started
[usbmuxd] Send listen message
Native extension for iOS target not found
Native extension for Android target not found
Android Extension - Scanning For ADB Devices 285 ms
Native extension for OSXStandalone target not found
Mono: successfully reloaded assembly
- Finished resetting the current domain, in  0.573 seconds
Domain Reload Profiling: 865ms
	BeginReloadAssembly (104ms)
		ExecutionOrderSort (0ms)
		DisableScriptedObjects (0ms)
		BackupInstance (0ms)
		ReleaseScriptingObjects (0ms)
		CreateAndSetChildDomain (0ms)
	RebuildCommonClasses (30ms)
	RebuildNativeTypeToScriptingClass (8ms)
	initialDomainReloadingComplete (34ms)
	LoadAllAssembliesAndSetupDomain (116ms)
		LoadAssemblies (104ms)
		RebuildTransferFunctionScriptingTraits (0ms)
		AnalyzeDomain (113ms)
			TypeCache.Refresh (111ms)
				TypeCache.ScanAssembly (98ms)
			ScanForSourceGeneratedMonoScriptInfo (0ms)
			ResolveRequiredComponents (1ms)
	FinalizeReload (573ms)
		ReleaseScriptCaches (0ms)
		RebuildScriptCaches (0ms)
		SetupLoadedEditorAssemblies (537ms)
			LogAssemblyErrors (0ms)
			InitializePlatformSupportModulesInManaged (449ms)
			SetLoadedEditorAssemblies (2ms)
			RefreshPlugins (0ms)
			BeforeProcessingInitializeOnLoad (1ms)
			ProcessInitializeOnLoadAttributes (60ms)
			ProcessInitializeOnLoadMethodAttributes (25ms)
			AfterProcessingInitializeOnLoad (0ms)
			EditorAssembliesLoaded (0ms)
		ExecutionOrderSort2 (0ms)
		AwakeInstancesAfterBackupRestoration (0ms)
========================================================================
Worker process is ready to serve import requests
Begin MonoManager ReloadAssembly
Symbol file LoadedFromMemory is not a mono symbol file
- Loaded All Assemblies, in  0.522 seconds
Refreshing native plugins compatible for Editor in 10.74 ms, found 6 plugins.
Native extension for iOS target not found
Native extension for Android target not found
Native extension for OSXStandalone target not found
Package Manager log level set to [2]
[Package Manager] Server::EnsureServerProcessIsRunning -- launch failed, reason: Unity was launched with the -noUpm command-line argument
[Package Manager] UpmClient::Send -- Unable to send message (not connected to UPM process).
[Package Manager] Cannot connect to Unity Package Manager local server
Asset Pipeline Refresh (id=687004554f1b9498daf0ecdf38f51bf6): Total: 0.000 seconds - Initiated by StopAssetImportingV2(NoUpdateAssetOptions)
Mono: successfully reloaded assembly
[Package Manager] Server::EnsureServerProcessIsRunning -- launch failed, reason: Unity was launched with the -noUpm command-line argument
[Package Manager] UpmClient::Send -- Unable to send message (not connected to UPM process).
[Package Manager] Cannot connect to Unity Package Manager local server
[Package Manager] Server::EnsureServerProcessIsRunning -- launch failed, reason: Unity was launched with the -noUpm command-line argument
[Package Manager] UpmClient::Send -- Unable to send message (not connected to UPM process).
[Package Manager] Cannot connect to Unity Package Manager local server
- Finished resetting the current domain, in  0.670 seconds
Domain Reload Profiling: 1191ms
	BeginReloadAssembly (79ms)
		ExecutionOrderSort (0ms)
		DisableScriptedObjects (3ms)
		BackupInstance (0ms)
		ReleaseScriptingObjects (0ms)
		CreateAndSetChildDomain (17ms)
	RebuildCommonClasses (26ms)
	RebuildNativeTypeToScriptingClass (8ms)
	initialDomainReloadingComplete (14ms)
	LoadAllAssembliesAndSetupDomain (395ms)
		LoadAssemblies (275ms)
		RebuildTransferFunctionScriptingTraits (0ms)
		AnalyzeDomain (157ms)
			TypeCache.Refresh (140ms)
				TypeCache.ScanAssembly (118ms)
			ScanForSourceGeneratedMonoScriptInfo (13ms)
			ResolveRequiredComponents (3ms)
	FinalizeReload (670ms)
		ReleaseScriptCaches (0ms)
		RebuildScriptCaches (0ms)
		SetupLoadedEditorAssemblies (549ms)
			LogAssemblyErrors (0ms)
			InitializePlatformSupportModulesInManaged (22ms)
			SetLoadedEditorAssemblies (3ms)
			RefreshPlugins (0ms)
			BeforeProcessingInitializeOnLoad (35ms)
			ProcessInitializeOnLoadAttributes (351ms)
			ProcessInitializeOnLoadMethodAttributes (138ms)
			AfterProcessingInitializeOnLoad (1ms)
			EditorAssembliesLoaded (0ms)
		ExecutionOrderSort2 (0ms)
		AwakeInstancesAfterBackupRestoration (2ms)
Launching external process: /Applications/Unity/Hub/Editor/2022.3.21f1/Unity.app/Contents/Tools/UnityShaderCompiler
Launched and connected shader compiler UnityShaderCompiler after 0.09 seconds
Refreshing native plugins compatible for Editor in 11.93 ms, found 6 plugins.
Preloading 0 native plugins for Editor in 0.00 ms.
Unloading 20 Unused Serialized files (Serialized files now loaded: 0)
Unloading 289 unused Assets / (0.5 MB). Loaded Objects now: 4572.
Memory consumption went from 99.2 MB to 98.7 MB.
Total: 6.472458 ms (FindLiveObjects: 0.135250 ms CreateObjectMapping: 0.052083 ms MarkObjects: 5.771250 ms  DeleteObjects: 0.513417 ms)

AssetImportParameters requested are different than current active one (requested -> active):
  custom:scripting/monoscript/fileName/IEventsClient.cs: df75b65e8a2f4eedd3c75ce719331977 -> 
  custom:scripting/monoscript/fileName/PlayGamesAchievement.cs: 2cc796da06ab20c9c2704b2888e134e0 -> 
  custom:container-demuxer-ogg: 62fdf1f143b41e24485cea50d1cbac27 -> 
  custom:scripting/monoscript/fileName/Achievement.cs: 60d0ae0afd3e93570982eda07eaec834 -> 
  custom:scripting/monoscript/fileName/AndroidTokenClient.cs: 99656452a419d4b9b57b4150736630c2 -> 
  custom:scripting/monoscript/fileName/TokenClient.cs: 70b874cefbfed45f540a516eab539a9e -> 
  custom:scripting/monoscript/fileName/PlayerProfile.cs: eaedd008867e17d93ba2b97779ebd7cf -> 
  custom:scripting/monoscript/fileName/GPGSUpgrader.cs: 8521997bf017854e82cfe90f7fbd9aec -> 
  custom:video-decoder-ogg-theora: a1e56fd34408186e4bbccfd4996cb3dc -> 
  custom:scripting/monoscript/fileName/AndroidSnapshotMetadata.cs: 8a0aec66cc637a4c0fdfe16106a5608e -> 
  custom:scripting/monoscript/fileName/AndroidNotificationPostProcessor.cs: 547c9130a821602623bca3137ac20cf2 -> 
  custom:scripting/monoscript/fileName/PickerAndroid.cs: deab7c05d2f26c2138442fa5dcf4f68f -> 
  custom:scripting/monoscript/fileName/PlayGamesUserProfile.cs: b3668856aca011e743f4a7d60fa395fd -> 
  custom:scripting/monoscript/fileName/DummyNearbyConnectionClient.cs: 59221e562a8c48562f0c9cb2f1a7c274 -> 
  custom:scripting/monoscript/fileName/SamsungGameSDKAdaptivePerformanceSubsystem.cs: b316c46b7e303ba4365e34c369810da8 -> 
  custom:scripting/monoscript/fileName/DummyClient.cs: d06457f579622d5ee55c8bdb0a05ee67 -> 
  custom:CustomObjectIndexerAttribute: 9a22284fe3817be447336de3de66b15e -> 
  custom:scripting/monoscript/fileName/NearbyHelperObject.cs: ccf41a75cd0cb7900daafc814c343a44 -> 
  custom:scripting/monoscript/fileName/AndroidHelperFragment.cs: 1f2e058b49a85946b8a25a4bff14ddeb -> 
  custom:container-demuxer-webm: 4f35f7cbe854078d1ac9338744f61a02 -> 
  custom:scripting/monoscript/fileName/LeaderboardScoreData.cs: 692c9ede4dbe88ebbfa99295d409bd24 -> 
  custom:scripting/monoscript/fileName/PlatformUtils.cs: dbff6ae7e1009a480ae718fcca723385 -> 
  custom:scripting/monoscript/fileName/AndroidNearbyConnectionClient.cs: 4c1a4fddfc2b902e44184f36d654e88b -> 
  custom:scripting/monoscript/fileName/PlayGamesClientFactory.cs: 6decc7e06b28b64e5bcb77e0ca83cf96 -> 
  custom:scripting/monoscript/fileName/NearbyConnectionClientFactory.cs: 9a529d7823fa4d5f482bbdc0557347fc -> 
  custom:scripting/monoscript/fileName/GameInfo.cs: 07fa963f30736b438b6ae131177e21e5 -> 
  custom:container-muxer-webm: aa71ff27fc2769a1b78a27578f13a17b -> 
  custom:scripting/monoscript/fileName/AndroidEventsClient.cs: 8b70cd2b807ca35121dc023fb57e39f7 -> 
  custom:scripting/monoscript/fileName/PlayGamesScore.cs: 8209a8f70c7e9183ce57ac5dd0704cab -> 
  custom:scripting/monoscript/fileName/ScorePageToken.cs: ae39c429aa37cfad76078eed8f3bcdf4 -> 
  custom:video-decoder-webm-vp8: 9c59270c3fd7afecdb556c50c9e8de78 -> 
  custom:SearchIndexIgnoredProperties: e643bd26f0fe6173181afceb89e7c659 -> 
  custom:AudioImporter_EditorPlatform: 3918e3fc78b5a79bad01e8451be0beb8 -> 
  custom:scripting/monoscript/fileName/AndroidUtils.cs: f14de4686b589a012e48daae776f3163 -> 
  custom:scripting/monoscript/fileName/ExportAndroidResourcesStep.cs: 17498a5d0854032a2e69ea3991788915 -> 
  custom:scripting/monoscript/fileName/AppsFlyerAndroid.cs: 8670afa18b65eb2b1c2d018e11f99ff7 -> 
  custom:scripting/monoscript/fileName/AndroidClient.cs: 622f3c26ea4b05ef3a7d84f5fddb2591 -> 
  custom:scripting/monoscript/fileName/PlayGamesLeaderboard.cs: 730c3ea3933e6af731b0240ae5d085ff -> 
  custom:framework-osx-AVFoundation: e770b220cccbd017edd2c1fefb359320 -> 
  custom:scripting/monoscript/fileName/GPGSPostBuild.cs: 78a9e1706a07088f3a16f5a5223e35eb -> 
  custom:video-encoder-webm-vp8: eb34c28f22e8b96e1ab97ce403110664 -> 
  custom:scripting/monoscript/fileName/AndroidVideoClient.cs: 76a983f69777a21c04d4f224991e19e2 -> 
  custom:audio-decoder-ogg-vorbis: bf7c407c2cedff20999df2af8eb42d56 -> 
  custom:scripting/monoscript/fileName/AndroidTaskUtils.cs: fad394034cf593abfad08b9b56ca1bf1 -> 
  custom:scripting/monoscript/fileName/AndroidJavaConverter.cs: b252278e034df37a3db7790062246ac8 -> 
  custom:scripting/monoscript/fileName/PlayGamesClientConfiguration.cs: cbda80d08c4fad2108cf8d499a4ce6cd -> 
  custom:scripting/monoscript/fileName/PlayGamesPlatform.cs: d782f6ab2da5137f285f22a6872852b0 -> 
  custom:scripting/monoscript/fileName/AndroidBanner.cs: 282e9473b9351b3ad8cc7993d8b7cc25 -> 
  custom:scripting/monoscript/fileName/AndroidPlatform.cs: ec502a76f2de8159fa482f5b711d49f3 -> 
  custom:scripting/monoscript/fileName/Player.cs: 205b77c8432a09586fadcd6cdc0e1b0c -> 40cdc80e6d56b54641987aeeeaa70595
  custom:audio-encoder-webm-vorbis: bf7c407c2cedff20999df2af8eb42d56 -> 
  custom:scripting/monoscript/fileName/PlayGamesLocalUser.cs: 9045fc915278ce40a01ceb6cb6ffa7e7 -> 
  custom:scripting/monoscript/fileName/NearbyConnectionUI.cs: 2081fa82bc293409895cb453499f6de8 -> 
  custom:scripting/monoscript/fileName/AndroidSavedGameClient.cs: cdcaac82abe6dec9df609757cc9ed81b -> 
  custom:scripting/monoscript/fileName/IPlayGamesClient.cs: 1ad719d32c31a6809c48b983027e2d07 -> 
  custom:scripting/monoscript/fileName/PlayerStats.cs: cea33817bc59207de0a5be12e2f79424 -> 
========================================================================
Received Import Request.
  Time since last request: 347783.860373 seconds.
  path: Assets/Fonts/Arabic Font/Arabic Support UI/Prefab/arText.prefab
  artifactKey: Guid(65a3395b306098a499c64134384dcf49) Importer(815301076,1909f56bfc062723c751e8b465ee728b)
Start importing Assets/Fonts/Arabic Font/Arabic Support UI/Prefab/arText.prefab using Guid(65a3395b306098a499c64134384dcf49) Importer(815301076,1909f56bfc062723c751e8b465ee728b)  -> (artifact id: '796a3dba40daa170ac4ee1374b5ff154') in 0.020625 seconds
Number of updated asset objects reloaded before import = 0
Number of asset objects unloaded after import = 7
========================================================================
Received Import Request.
  Time since last request: 0.000046 seconds.
  path: Assets/GUI PRO Kit - Casual Game/Prefabs/Prefabs_Demo_UI/Button_Next.prefab
  artifactKey: Guid(ce6626e56438e4adba41da27db2e672b) Importer(815301076,1909f56bfc062723c751e8b465ee728b)
Start importing Assets/GUI PRO Kit - Casual Game/Prefabs/Prefabs_Demo_UI/Button_Next.prefab using Guid(ce6626e56438e4adba41da27db2e672b) Importer(815301076,1909f56bfc062723c751e8b465ee728b)  -> (artifact id: '4f8e071d89caf40ded1501ab74e39dad') in 0.004712 seconds
Number of updated asset objects reloaded before import = 0
Number of asset objects unloaded after import = 13
========================================================================
Received Import Request.
  Time since last request: 5.054524 seconds.
  path: Assets/GooglePlayGames/BasicApi/Nearby/ConnectionRequest.cs
  artifactKey: Guid(c7f9bb6b249224f99ad05a87d3e4ee34) Importer(815301076,1909f56bfc062723c751e8b465ee728b)
Start importing Assets/GooglePlayGames/BasicApi/Nearby/ConnectionRequest.cs using Guid(c7f9bb6b249224f99ad05a87d3e4ee34) Importer(815301076,1909f56bfc062723c751e8b465ee728b)  -> (artifact id: '034078050e19de0787e9afa87fe18c6a') in 0.000597 seconds
Number of updated asset objects reloaded before import = 0
Number of asset objects unloaded after import = 0
========================================================================
Received Import Request.
  Time since last request: 1.137668 seconds.
  path: Assets/GooglePlayGames/BasicApi/Nearby/ConnectionResponse.cs
  artifactKey: Guid(ad6611af8d0204d0d8922a327d3d9ec0) Importer(815301076,1909f56bfc062723c751e8b465ee728b)
Start importing Assets/GooglePlayGames/BasicApi/Nearby/ConnectionResponse.cs using Guid(ad6611af8d0204d0d8922a327d3d9ec0) Importer(815301076,1909f56bfc062723c751e8b465ee728b)  -> (artifact id: '2bc62ea0756e6678dd2ce09a6bca6b95') in 0.000299 seconds
Number of updated asset objects reloaded before import = 0
Number of asset objects unloaded after import = 0
========================================================================
Received Import Request.
  Time since last request: 3.439679 seconds.
  path: Assets/Scripts/ChessScrips/OnlineChess/Connections.cs
  artifactKey: Guid(3b0b46b8b03514d88bb5e7a26867b660) Importer(815301076,1909f56bfc062723c751e8b465ee728b)
Start importing Assets/Scripts/ChessScrips/OnlineChess/Connections.cs using Guid(3b0b46b8b03514d88bb5e7a26867b660) Importer(815301076,1909f56bfc062723c751e8b465ee728b)  -> (artifact id: '6cbb869562870fbad9378b99a5eaeb32') in 0.000309 seconds
Number of updated asset objects reloaded before import = 0
Number of asset objects unloaded after import = 0
[usbmuxd] Attached: 111 00008030-000618D11E2B402E
[usbmuxd] Detached: 111 00008030-000618D11E2B402E
[usbmuxd] Attached: 112 00008030-000618D11E2B402E
[usbmuxd] Detached: 112 00008030-000618D11E2B402E
========================================================================
Received Import Request.
  Time since last request: 20382.399516 seconds.
  path: Assets/Scripts/ChessScrips/ChessAIScripts/huggingFaceStock.cs
  artifactKey: Guid(1e1b5ed05f11f429db0379d2a53787d4) Importer(815301076,1909f56bfc062723c751e8b465ee728b)
Start importing Assets/Scripts/ChessScrips/ChessAIScripts/huggingFaceStock.cs using Guid(1e1b5ed05f11f429db0379d2a53787d4) Importer(815301076,1909f56bfc062723c751e8b465ee728b)  -> (artifact id: '9b892f99d0492ea933f51173ec82200b') in 0.009423 seconds
Number of updated asset objects reloaded before import = 0
Number of asset objects unloaded after import = 0
========================================================================
Received Import Request.
  Time since last request: 2.254850 seconds.
  path: Assets/Scripts/ChessScrips/ChessAIScripts/ChessBoardAI.cs
  artifactKey: Guid(fc23fe82ae83c48eeb7c53faddab7328) Importer(815301076,1909f56bfc062723c751e8b465ee728b)
Start importing Assets/Scripts/ChessScrips/ChessAIScripts/ChessBoardAI.cs using Guid(fc23fe82ae83c48eeb7c53faddab7328) Importer(815301076,1909f56bfc062723c751e8b465ee728b)  -> (artifact id: '54ec645c6e798cd284fb5d56db8b8bc2') in 0.000817 seconds
Number of updated asset objects reloaded before import = 0
Number of asset objects unloaded after import = 0
========================================================================
Received Import Request.
  Time since last request: 2.958574 seconds.
  path: Assets/Scripts/ChessScrips/ChessAIScripts/AIGameResult.cs
  artifactKey: Guid(dfdd31839845a471297ff45085b84335) Importer(815301076,1909f56bfc062723c751e8b465ee728b)
Start importing Assets/Scripts/ChessScrips/ChessAIScripts/AIGameResult.cs using Guid(dfdd31839845a471297ff45085b84335) Importer(815301076,1909f56bfc062723c751e8b465ee728b)  -> (artifact id: 'ed82e8862728c7167bba66efa5bf7ca7') in 0.001517 seconds
Number of updated asset objects reloaded before import = 0
Number of asset objects unloaded after import = 0
========================================================================
Received Import Request.
  Time since last request: 15.517284 seconds.
  path: Assets/Scripts/ChessScrips/SwitchTheme.cs
  artifactKey: Guid(6c8c92958000041f7be9e300259e6e51) Importer(815301076,1909f56bfc062723c751e8b465ee728b)
Start importing Assets/Scripts/ChessScrips/SwitchTheme.cs using Guid(6c8c92958000041f7be9e300259e6e51) Importer(815301076,1909f56bfc062723c751e8b465ee728b)  -> (artifact id: '04e939a22373b03d8e099340e8806e4e') in 0.001365 seconds
Number of updated asset objects reloaded before import = 0
Number of asset objects unloaded after import = 0
TcpMessagingSession - receive error
AssetImportWorkerClient::OnTransportError - code=2 error=End of file
